<?xml version="1.0" encoding="UTF-8"?>
<testsuite name="order.service.OrderServiceImplTest" time="0.412" tests="35" errors="0" skipped="0" failures="0">
  <properties>
    <property name="java.runtime.name" value="OpenJDK Runtime Environment"/>
    <property name="java.vm.version" value="11.0.10+9-suse-lp152.2.9.1-x8664"/>
    <property name="sun.boot.library.path" value="/usr/lib64/jvm/java-11-openjdk-11/lib"/>
    <property name="maven.multiModuleProjectDirectory" value="/home/rakesh/project/train-ticket/ts-order-service"/>
    <property name="java.vm.vendor" value="Oracle Corporation"/>
    <property name="java.vendor.url" value="https://openjdk.java.net/"/>
    <property name="guice.disable.misplaced.annotation.check" value="true"/>
    <property name="path.separator" value=":"/>
    <property name="java.vm.name" value="OpenJDK 64-Bit Server VM"/>
    <property name="sun.os.patch.level" value="unknown"/>
    <property name="user.country" value="US"/>
    <property name="sun.java.launcher" value="SUN_STANDARD"/>
    <property name="java.vm.specification.name" value="Java Virtual Machine Specification"/>
    <property name="user.dir" value="/home/rakesh/project/train-ticket/ts-order-service"/>
    <property name="java.vm.compressedOopsMode" value="Zero based"/>
    <property name="java.runtime.version" value="11.0.10+9-suse-lp152.2.9.1-x8664"/>
    <property name="java.awt.graphicsenv" value="sun.awt.X11GraphicsEnvironment"/>
    <property name="os.arch" value="amd64"/>
    <property name="java.io.tmpdir" value="/tmp"/>
    <property name="line.separator" value="&#10;"/>
    <property name="java.vm.specification.vendor" value="Oracle Corporation"/>
    <property name="os.name" value="Linux"/>
    <property name="classworlds.conf" value="/usr/share/maven/bin/m2.conf"/>
    <property name="sun.jnu.encoding" value="UTF-8"/>
    <property name="java.library.path" value="/usr/java/packages/lib:/usr/lib64:/lib64:/lib:/usr/lib"/>
    <property name="maven.conf" value="/usr/share/maven/conf"/>
    <property name="jdk.debug" value="release"/>
    <property name="java.class.version" value="55.0"/>
    <property name="java.specification.name" value="Java Platform API Specification"/>
    <property name="sun.management.compiler" value="HotSpot 64-Bit Tiered Compilers"/>
    <property name="os.version" value="5.3.18-lp152.66-default"/>
    <property name="library.jansi.path" value="/usr/share/maven/lib/jansi-native"/>
    <property name="user.home" value="/home/rakesh"/>
    <property name="user.timezone" value="Asia/Kolkata"/>
    <property name="java.awt.printerjob" value="sun.print.PSPrinterJob"/>
    <property name="file.encoding" value="UTF-8"/>
    <property name="java.specification.version" value="11"/>
    <property name="user.name" value="rakesh"/>
    <property name="java.class.path" value="/usr/share/java/plexus-classworlds.jar"/>
    <property name="java.vm.specification.version" value="11"/>
    <property name="sun.arch.data.model" value="64"/>
    <property name="sun.java.command" value="org.codehaus.plexus.classworlds.launcher.Launcher clean install"/>
    <property name="java.home" value="/usr/lib64/jvm/java-11-openjdk-11"/>
    <property name="user.language" value="en"/>
    <property name="java.specification.vendor" value="Oracle Corporation"/>
    <property name="awt.toolkit" value="sun.awt.X11.XToolkit"/>
    <property name="java.vm.info" value="mixed mode"/>
    <property name="java.version" value="11.0.10"/>
    <property name="java.vendor" value="Oracle Corporation"/>
    <property name="maven.home" value="/usr/share/maven"/>
    <property name="file.separator" value="/"/>
    <property name="java.version.date" value="2021-01-19"/>
    <property name="java.vendor.url.bug" value="https://bugreport.java.com/bugreport/"/>
    <property name="sun.io.unicode.encoding" value="UnicodeLittle"/>
    <property name="sun.cpu.endian" value="little"/>
    <property name="sun.cpu.isalist" value=""/>
  </properties>
  <testcase name="testQueryOrdersForRefresh" classname="order.service.OrderServiceImplTest" time="0.363"/>
  <testcase name="testQueryOrders" classname="order.service.OrderServiceImplTest" time="0.001"/>
  <testcase name="testGetOrderById1" classname="order.service.OrderServiceImplTest" time="0.003"/>
  <testcase name="testGetOrderById2" classname="order.service.OrderServiceImplTest" time="0"/>
  <testcase name="testSaveChanges1" classname="order.service.OrderServiceImplTest" time="0"/>
  <testcase name="testSaveChanges2" classname="order.service.OrderServiceImplTest" time="0.001"/>
  <testcase name="testAlterOrder1" classname="order.service.OrderServiceImplTest" time="0.005"/>
  <testcase name="testAlterOrder2" classname="order.service.OrderServiceImplTest" time="0"/>
  <testcase name="testFindOrderById1" classname="order.service.OrderServiceImplTest" time="0"/>
  <testcase name="testFindOrderById2" classname="order.service.OrderServiceImplTest" time="0"/>
  <testcase name="testCheckSecurityAboutOrder" classname="order.service.OrderServiceImplTest" time="0"/>
  <testcase name="testCancelOrder1" classname="order.service.OrderServiceImplTest" time="0"/>
  <testcase name="testCancelOrder2" classname="order.service.OrderServiceImplTest" time="0.001"/>
  <testcase name="testGetSoldTickets1" classname="order.service.OrderServiceImplTest" time="0.002"/>
  <testcase name="testGetSoldTickets2" classname="order.service.OrderServiceImplTest" time="0"/>
  <testcase name="testInitOrder1" classname="order.service.OrderServiceImplTest" time="0.022"/>
  <testcase name="testInitOrder2" classname="order.service.OrderServiceImplTest" time="0"/>
  <testcase name="testGetOrderPrice1" classname="order.service.OrderServiceImplTest" time="0"/>
  <testcase name="testGetOrderPrice2" classname="order.service.OrderServiceImplTest" time="0"/>
  <testcase name="testPayOrder1" classname="order.service.OrderServiceImplTest" time="0"/>
  <testcase name="testPayOrder2" classname="order.service.OrderServiceImplTest" time="0"/>
  <testcase name="testUpdateOrder1" classname="order.service.OrderServiceImplTest" time="0.001"/>
  <testcase name="testUpdateOrder2" classname="order.service.OrderServiceImplTest" time="0"/>
  <testcase name="testDeleteOrder1" classname="order.service.OrderServiceImplTest" time="0"/>
  <testcase name="testDeleteOrder2" classname="order.service.OrderServiceImplTest" time="0"/>
  <testcase name="testAddNewOrder1" classname="order.service.OrderServiceImplTest" time="0.001"/>
  <testcase name="testAddNewOrder2" classname="order.service.OrderServiceImplTest" time="0.001"/>
  <testcase name="testQueryAlreadySoldOrders" classname="order.service.OrderServiceImplTest" time="0.002"/>
  <testcase name="testCreate1" classname="order.service.OrderServiceImplTest" time="0.001"/>
  <testcase name="testCreate2" classname="order.service.OrderServiceImplTest" time="0.003"/>
  <testcase name="testModifyOrder1" classname="order.service.OrderServiceImplTest" time="0"/>
  <testcase name="testModifyOrder2" classname="order.service.OrderServiceImplTest" time="0"/>
  <testcase name="testQueryForStationId" classname="order.service.OrderServiceImplTest" time="0.004"/>
  <testcase name="testGetAllOrders1" classname="order.service.OrderServiceImplTest" time="0.001"/>
  <testcase name="testGetAllOrders2" classname="order.service.OrderServiceImplTest" time="0"/>
</testsuite>