<?xml version="1.0" encoding="UTF-8"?>
<testsuite name="travel2.controller.Travel2ControllerTest" time="1.234" tests="13" errors="0" skipped="0" failures="0">
  <properties>
    <property name="java.runtime.name" value="OpenJDK Runtime Environment"/>
    <property name="java.vm.version" value="11.0.10+9-suse-lp152.2.9.1-x8664"/>
    <property name="sun.boot.library.path" value="/usr/lib64/jvm/java-11-openjdk-11/lib"/>
    <property name="pmd.failOnViolation" value="false"/>
    <property name="maven.multiModuleProjectDirectory" value="/home/rakesh/project/train-ticket"/>
    <property name="java.vm.vendor" value="Oracle Corporation"/>
    <property name="java.vendor.url" value="https://openjdk.java.net/"/>
    <property name="path.separator" value=":"/>
    <property name="guice.disable.misplaced.annotation.check" value="true"/>
    <property name="java.vm.name" value="OpenJDK 64-Bit Server VM"/>
    <property name="user.country" value="US"/>
    <property name="sun.java.launcher" value="SUN_STANDARD"/>
    <property name="sun.os.patch.level" value="unknown"/>
    <property name="user.dir" value="/home/rakesh/project/train-ticket"/>
    <property name="java.vm.compressedOopsMode" value="Zero based"/>
    <property name="java.vm.specification.name" value="Java Virtual Machine Specification"/>
    <property name="java.runtime.version" value="11.0.10+9-suse-lp152.2.9.1-x8664"/>
    <property name="java.awt.graphicsenv" value="sun.awt.X11GraphicsEnvironment"/>
    <property name="os.arch" value="amd64"/>
    <property name="java.io.tmpdir" value="/tmp"/>
    <property name="line.separator" value="&#10;"/>
    <property name="java.vm.specification.vendor" value="Oracle Corporation"/>
    <property name="os.name" value="Linux"/>
    <property name="classworlds.conf" value="/usr/share/maven/bin/m2.conf"/>
    <property name="sun.jnu.encoding" value="UTF-8"/>
    <property name="java.library.path" value="/usr/java/packages/lib:/usr/lib64:/lib64:/lib:/usr/lib"/>
    <property name="maven.conf" value="/usr/share/maven/conf"/>
    <property name="jdk.debug" value="release"/>
    <property name="java.class.version" value="55.0"/>
    <property name="java.specification.name" value="Java Platform API Specification"/>
    <property name="sun.management.compiler" value="HotSpot 64-Bit Tiered Compilers"/>
    <property name="os.version" value="5.3.18-lp152.66-default"/>
    <property name="library.jansi.path" value="/usr/share/maven/lib/jansi-native"/>
    <property name="user.home" value="/home/rakesh"/>
    <property name="user.timezone" value="Asia/Kolkata"/>
    <property name="java.awt.printerjob" value="sun.print.PSPrinterJob"/>
    <property name="file.encoding" value="UTF-8"/>
    <property name="java.specification.version" value="11"/>
    <property name="user.name" value="rakesh"/>
    <property name="java.class.path" value="/usr/share/java/plexus-classworlds.jar"/>
    <property name="org.slf4j.simpleLogger.defaultLogLevel" value="debug"/>
    <property name="java.vm.specification.version" value="11"/>
    <property name="sun.arch.data.model" value="64"/>
    <property name="sun.java.command" value="org.codehaus.plexus.classworlds.launcher.Launcher -Dpmd.failOnViolation=false -X clean install"/>
    <property name="java.home" value="/usr/lib64/jvm/java-11-openjdk-11"/>
    <property name="user.language" value="en"/>
    <property name="java.specification.vendor" value="Oracle Corporation"/>
    <property name="awt.toolkit" value="sun.awt.X11.XToolkit"/>
    <property name="java.vm.info" value="mixed mode"/>
    <property name="java.version" value="11.0.10"/>
    <property name="java.vendor" value="Oracle Corporation"/>
    <property name="maven.home" value="/usr/share/maven"/>
    <property name="file.separator" value="/"/>
    <property name="java.version.date" value="2021-01-19"/>
    <property name="java.vendor.url.bug" value="https://bugreport.java.com/bugreport/"/>
    <property name="sun.cpu.endian" value="little"/>
    <property name="sun.io.unicode.encoding" value="UnicodeLittle"/>
    <property name="sun.cpu.isalist" value=""/>
  </properties>
  <testcase name="testGetRouteByTripId" classname="travel2.controller.Travel2ControllerTest" time="0.896"/>
  <testcase name="testHome" classname="travel2.controller.Travel2ControllerTest" time="0.023"/>
  <testcase name="testUpdateTrip" classname="travel2.controller.Travel2ControllerTest" time="0.082"/>
  <testcase name="testGetTrainTypeByTripId" classname="travel2.controller.Travel2ControllerTest" time="0.024"/>
  <testcase name="testQueryInfo1" classname="travel2.controller.Travel2ControllerTest" time="0.032"/>
  <testcase name="testQueryInfo2" classname="travel2.controller.Travel2ControllerTest" time="0.017"/>
  <testcase name="testAdminQueryAll" classname="travel2.controller.Travel2ControllerTest" time="0.018"/>
  <testcase name="testQueryAll" classname="travel2.controller.Travel2ControllerTest" time="0.03"/>
  <testcase name="testGetTripsByRouteId" classname="travel2.controller.Travel2ControllerTest" time="0.006"/>
  <testcase name="testRetrieve" classname="travel2.controller.Travel2ControllerTest" time="0.019"/>
  <testcase name="testCreateTrip" classname="travel2.controller.Travel2ControllerTest" time="0.045"/>
  <testcase name="testDeleteTrip" classname="travel2.controller.Travel2ControllerTest" time="0.022"/>
  <testcase name="testGetTripAllDetailInfo" classname="travel2.controller.Travel2ControllerTest" time="0.02"/>
</testsuite>